m60023.mib,48
m60024.mib,8928
m60025.mib,17808
m60033.mib,26688
m60026.mib,35568
m60027.mib,44448
m60028.mib,53328
m60036.mib,62208
m60029.mib,71088
m60011.mib,79968
m60012.mib,88848
m60013.mib,97728
m60014.mib,106608
m60015.mib,115488
m60016.mib,124368
m60020.mib,133248
m60021.mib,142128
m60022.mib,151008
m60037.mib,159888
m60038.mib,168768
m60001.mib,177648
m60004.mib,186528
m60008.mib,195408
m60017.mib,204288
m60018.mib,213168
m60035.mib,222048
m60009.mib,230928
m60007.mib,239808
m60003.mib,248688
m60005.mib,257568
m60010.mib,266448
m60034.mib,275328
m60002.mib,284208
m60006.mib,293088
m60030.mib,301968
m60031.mib,310848
m60032.mib,319728
m60019.mib,328608
m61001.mib,48
m61002.mib,8928
m61003.mib,17808
m61004.mib,26688
m61005.mib,35568
m61006.mib,44448
m61007.mib,53328
m61008.mib,62208
m61009.mib,71088
m61010.mib,79968
m61011.mib,88848
m61012.mib,97728
m61013.mib,106608
m61014.mib,115488
